0 info it worked if it ends with ok
1 verbose cli [ '/usr/local/Cellar/node/0.12.2_1/bin/node',
1 verbose cli   '/usr/local/bin/npm',
1 verbose cli   'run',
1 verbose cli   'devserve' ]
2 info using npm@3.6.0
3 info using node@v5.6.0
4 verbose run-script [ 'predevserve', 'devserve', 'postdevserve' ]
5 info lifecycle MusicTree2.0@0.0.1~predevserve: MusicTree2.0@0.0.1
6 silly lifecycle MusicTree2.0@0.0.1~predevserve: no script for predevserve, continuing
7 info lifecycle MusicTree2.0@0.0.1~devserve: MusicTree2.0@0.0.1
8 verbose lifecycle MusicTree2.0@0.0.1~devserve: unsafe-perm in lifecycle true
9 verbose lifecycle MusicTree2.0@0.0.1~devserve: PATH: /usr/local/lib/node_modules/npm/bin/node-gyp-bin:/Users/johnhess/Desktop/music-tree2.0/node_modules/.bin:/usr/local/heroku/bin:/usr/local/heroku/bin:/usr/local/bin:/usr/local/sbin:~/bin:/Users/johnhess/.rbenv/bin:/Users/johnhess/.rbenv/shims:/usr/local/bin:/usr/bin:/bin:/usr/sbin:/sbin
10 verbose lifecycle MusicTree2.0@0.0.1~devserve: CWD: /Users/johnhess/Desktop/music-tree2.0
11 silly lifecycle MusicTree2.0@0.0.1~devserve: Args: [ '-c',
11 silly lifecycle   'webpack-dev-server -d --config webpack.config.js --content-base public/ --progress --colors' ]
12 silly lifecycle MusicTree2.0@0.0.1~devserve: Returned: code: 1  signal: null
13 info lifecycle MusicTree2.0@0.0.1~devserve: Failed to exec devserve script
14 verbose stack Error: MusicTree2.0@0.0.1 devserve: `webpack-dev-server -d --config webpack.config.js --content-base public/ --progress --colors`
14 verbose stack Exit status 1
14 verbose stack     at EventEmitter.<anonymous> (/usr/local/lib/node_modules/npm/lib/utils/lifecycle.js:232:16)
14 verbose stack     at emitTwo (events.js:100:13)
14 verbose stack     at EventEmitter.emit (events.js:185:7)
14 verbose stack     at ChildProcess.<anonymous> (/usr/local/lib/node_modules/npm/lib/utils/spawn.js:24:14)
14 verbose stack     at emitTwo (events.js:100:13)
14 verbose stack     at ChildProcess.emit (events.js:185:7)
14 verbose stack     at maybeClose (internal/child_process.js:827:16)
14 verbose stack     at Process.ChildProcess._handle.onexit (internal/child_process.js:211:5)
15 verbose pkgid MusicTree2.0@0.0.1
16 verbose cwd /Users/johnhess/Desktop/music-tree2.0
17 error Darwin 15.3.0
18 error argv "/usr/local/Cellar/node/0.12.2_1/bin/node" "/usr/local/bin/npm" "run" "devserve"
19 error node v5.6.0
20 error npm  v3.6.0
21 error code ELIFECYCLE
22 error MusicTree2.0@0.0.1 devserve: `webpack-dev-server -d --config webpack.config.js --content-base public/ --progress --colors`
22 error Exit status 1
23 error Failed at the MusicTree2.0@0.0.1 devserve script 'webpack-dev-server -d --config webpack.config.js --content-base public/ --progress --colors'.
23 error Make sure you have the latest version of node.js and npm installed.
23 error If you do, this is most likely a problem with the MusicTree2.0 package,
23 error not with npm itself.
23 error Tell the author that this fails on your system:
23 error     webpack-dev-server -d --config webpack.config.js --content-base public/ --progress --colors
23 error You can get information on how to open an issue for this project with:
23 error     npm bugs MusicTree2.0
23 error Or if that isn't available, you can get their info via:
23 error     npm owner ls MusicTree2.0
23 error There is likely additional logging output above.
24 verbose exit [ 1, true ]
